[34m2024-07-10 20:56:49 [debug] create database instance: {"sync":{"alter":{"drop":false},"force":false},"logging":false,"dialect":"mysql","username":"nb_test","database":"nb_test","port":"13306","timezone":"+08:00","underscored":true,"migrator":{"context":{"app":{"appName":"main","name":"main"}}},"logger":{}}[39m meta={"databaseInstanceId":"L1KRjVxade5e8Jovx5ECy"} module=database app=main reqId=c5a4a808-bac2-48e1-8126-0f33b9be88e8 dataSourceKey=main
[32m2024-07-10 20:56:49 [info]  add app main into supervisor                [39m module=application submodule=supervisor method=addApp app=main reqId=c5a4a808-bac2-48e1-8126-0f33b9be88e8 dataSourceKey=main
[32m2024-07-10 20:56:50 [info]  connection has been established successfully.[39m module=database method=auth app=main reqId=c5a4a808-bac2-48e1-8126-0f33b9be88e8 dataSourceKey=main
[33m2024-07-10 20:56:50 [warn]  app is installed                            [39m module=application app=main reqId=c5a4a808-bac2-48e1-8126-0f33b9be88e8 dataSourceKey=main
[32m2024-07-10 20:56:50 [info]  app installed successfully [v1.2.13-alpha]  [39m module=application app=main reqId=c5a4a808-bac2-48e1-8126-0f33b9be88e8 dataSourceKey=main
[34m2024-07-10 20:57:04 [debug] create database instance: {"sync":{"alter":{"drop":false},"force":false},"logging":false,"dialect":"mysql","username":"nb_test","database":"nb_test","port":"13306","timezone":"+08:00","underscored":true,"migrator":{"context":{"app":{"appName":"main","name":"main"}}},"logger":{}}[39m meta={"databaseInstanceId":"wtNbVXniNCmw7f8TsjKFE"} module=database app=main reqId=e77061ae-5385-43c7-906d-e54ed06d5f32 dataSourceKey=main
[32m2024-07-10 20:57:04 [info]  add app main into supervisor                [39m module=application submodule=supervisor method=addApp app=main reqId=e77061ae-5385-43c7-906d-e54ed06d5f32 dataSourceKey=main
[32m2024-07-10 20:57:06 [info]  connection has been established successfully.[39m module=database method=auth app=main reqId=e77061ae-5385-43c7-906d-e54ed06d5f32 dataSourceKey=main
[32m2024-07-10 20:57:06 [info]  attempt to add the plugin to the app        [39m module=application app=main reqId=e77061ae-5385-43c7-906d-e54ed06d5f32 dataSourceKey=main
[32m2024-07-10 20:57:06 [info]  add plugin [@janexin/lens-grid]             [39m meta={"name":"@janexin/lens-grid","packageName":"@janexin/lens-grid","version":"0.1.0"} module=application app=main reqId=e77061ae-5385-43c7-906d-e54ed06d5f32 dataSourceKey=main
[34m2024-07-10 20:57:23 [debug] create database instance: {"sync":{"alter":{"drop":false},"force":false},"logging":false,"dialect":"mysql","username":"nb_test","database":"nb_test","port":"13306","timezone":"+08:00","underscored":true,"migrator":{"context":{"app":{"appName":"main","name":"main"}}},"logger":{}}[39m meta={"databaseInstanceId":"EJLIw537B1xi-U_4p8Wux"} module=database app=main reqId=f960d361-2d30-428b-bfa9-52071790e5de dataSourceKey=main
[32m2024-07-10 20:57:23 [info]  add app main into supervisor                [39m module=application submodule=supervisor method=addApp app=main reqId=f960d361-2d30-428b-bfa9-52071790e5de dataSourceKey=main
[32m2024-07-10 20:57:24 [info]  connection has been established successfully.[39m module=database method=auth app=main reqId=f960d361-2d30-428b-bfa9-52071790e5de dataSourceKey=main
[34m2024-07-10 20:57:24 [debug] init plugins                                [39m module=application app=main reqId=f960d361-2d30-428b-bfa9-52071790e5de dataSourceKey=main
[34m2024-07-10 20:57:24 [debug] loading app...                              [39m module=application app=main reqId=f960d361-2d30-428b-bfa9-52071790e5de dataSourceKey=main
[34m2024-07-10 20:57:24 [debug] loading plugins...                          [39m module=application app=main reqId=f960d361-2d30-428b-bfa9-52071790e5de dataSourceKey=main
[34m2024-07-10 20:57:24 [debug] plugins loaded                              [39m module=application app=main reqId=f960d361-2d30-428b-bfa9-52071790e5de dataSourceKey=main
[34m2024-07-10 20:57:24 [debug] loading locale resource...                  [39m module=application submodule=locale method=onAfterLoad app=main reqId=f960d361-2d30-428b-bfa9-52071790e5de dataSourceKey=main
[34m2024-07-10 20:57:24 [debug] locale resource loaded                      [39m module=application submodule=locale method=onAfterLoad app=main reqId=f960d361-2d30-428b-bfa9-52071790e5de dataSourceKey=main
[34m2024-07-10 20:57:24 [debug] enabling plugin @janexin/lens-grid          [39m module=application app=main reqId=f960d361-2d30-428b-bfa9-52071790e5de dataSourceKey=main
[34m2024-07-10 21:21:38 [debug] create database instance: {"sync":{"alter":{"drop":false},"force":false},"logging":false,"dialect":"mysql","username":"nb_test","database":"nb_test","port":"13306","timezone":"+08:00","underscored":true,"migrator":{"context":{"app":{"appName":"main","name":"main"}}},"logger":{}}[39m meta={"databaseInstanceId":"OQQ1c9IHs20zkkMa4dL-H"} module=database app=main reqId=5c2a71a1-53d8-4cd7-a915-da48d28596bb dataSourceKey=main
[32m2024-07-10 21:21:39 [info]  add app main into supervisor                [39m module=application submodule=supervisor method=addApp app=main reqId=5c2a71a1-53d8-4cd7-a915-da48d28596bb dataSourceKey=main
[32m2024-07-10 21:21:39 [info]  connection has been established successfully.[39m module=database method=auth app=main reqId=5c2a71a1-53d8-4cd7-a915-da48d28596bb dataSourceKey=main
[34m2024-07-10 21:21:39 [debug] init plugins                                [39m module=application app=main reqId=5c2a71a1-53d8-4cd7-a915-da48d28596bb dataSourceKey=main
[34m2024-07-10 21:21:40 [debug] loading app...                              [39m module=application app=main reqId=5c2a71a1-53d8-4cd7-a915-da48d28596bb dataSourceKey=main
[34m2024-07-10 21:21:40 [debug] loading plugins...                          [39m module=application app=main reqId=5c2a71a1-53d8-4cd7-a915-da48d28596bb dataSourceKey=main
[34m2024-07-10 21:21:40 [debug] plugins loaded                              [39m module=application app=main reqId=5c2a71a1-53d8-4cd7-a915-da48d28596bb dataSourceKey=main
[34m2024-07-10 21:21:40 [debug] loading locale resource...                  [39m module=application submodule=locale method=onAfterLoad app=main reqId=5c2a71a1-53d8-4cd7-a915-da48d28596bb dataSourceKey=main
[34m2024-07-10 21:21:40 [debug] locale resource loaded                      [39m module=application submodule=locale method=onAfterLoad app=main reqId=5c2a71a1-53d8-4cd7-a915-da48d28596bb dataSourceKey=main
[34m2024-07-10 21:21:40 [debug] starting app...                             [39m module=application app=main reqId=5c2a71a1-53d8-4cd7-a915-da48d28596bb dataSourceKey=main
[34m2024-07-10 21:21:40 [debug] loading custom collections                  [39m module=data-source-main method=loadCollections app=main reqId=5c2a71a1-53d8-4cd7-a915-da48d28596bb dataSourceKey=main
[34m2024-07-10 21:21:40 [debug] loading collections...                      [39m module=database app=main reqId=5c2a71a1-53d8-4cd7-a915-da48d28596bb dataSourceKey=main
[34m2024-07-10 21:21:40 [debug] collections loaded                          [39m module=database app=main reqId=5c2a71a1-53d8-4cd7-a915-da48d28596bb dataSourceKey=main
[32m2024-07-10 21:21:41 [info]  write roles to ACL                          [39m module=acl method=writeRolesToACL app=main reqId=5c2a71a1-53d8-4cd7-a915-da48d28596bb dataSourceKey=main
[32m2024-07-10 21:21:41 [info]  app has been started                        [39m module=application app=main reqId=5c2a71a1-53d8-4cd7-a915-da48d28596bb dataSourceKey=main
[34m2024-07-10 21:21:49 [debug] ctx permission                              [39m meta={"can":null,"resourceName":"app","actionName":"getLang","skip":true} module=app submodule=getLang app=main reqId=01fa36ee-5c11-4f87-bf6e-ae3894afcbbd dataSourceKey=main
[34m2024-07-10 21:21:49 [debug] acl params                                  [39m module=app submodule=getLang app=main reqId=01fa36ee-5c11-4f87-bf6e-ae3894afcbbd dataSourceKey=main
[34m2024-07-10 21:21:49 [debug] acl parsedParams                            [39m module=app submodule=getLang app=main reqId=01fa36ee-5c11-4f87-bf6e-ae3894afcbbd dataSourceKey=main
[34m2024-07-10 21:21:49 [debug] ctx permission                              [39m meta={"can":null,"resourceName":"pm","actionName":"listEnabled","skip":true} module=pm submodule=listEnabled app=main reqId=97be6961-b3d1-4910-a4ce-4c3bf7fd0026 dataSourceKey=main
[34m2024-07-10 21:21:49 [debug] acl params                                  [39m module=pm submodule=listEnabled app=main reqId=97be6961-b3d1-4910-a4ce-4c3bf7fd0026 dataSourceKey=main
[34m2024-07-10 21:21:49 [debug] acl parsedParams                            [39m module=pm submodule=listEnabled app=main reqId=97be6961-b3d1-4910-a4ce-4c3bf7fd0026 dataSourceKey=main
[34m2024-07-10 21:21:50 [debug] ctx permission                              [39m meta={"can":null,"resourceName":"auth","actionName":"check","skip":true} module=auth submodule=check app=main reqId=d03a350b-14d2-4d9d-af45-b2ddcd8accb4 dataSourceKey=main
[34m2024-07-10 21:21:50 [debug] acl params                                  [39m module=auth submodule=check app=main reqId=d03a350b-14d2-4d9d-af45-b2ddcd8accb4 dataSourceKey=main
[34m2024-07-10 21:21:50 [debug] acl parsedParams                            [39m module=auth submodule=check app=main reqId=d03a350b-14d2-4d9d-af45-b2ddcd8accb4 dataSourceKey=main
[34m2024-07-10 21:21:50 [debug] ctx permission                              [39m meta={"can":null,"resourceName":"systemSettings","actionName":"get","skip":true} module=systemSettings submodule=get/1 app=main reqId=154c6698-767c-4445-8b93-509e63dbf973 dataSourceKey=main
[34m2024-07-10 21:21:50 [debug] acl params                                  [39m module=systemSettings submodule=get/1 app=main reqId=154c6698-767c-4445-8b93-509e63dbf973 dataSourceKey=main
[34m2024-07-10 21:21:50 [debug] acl parsedParams                            [39m module=systemSettings submodule=get/1 app=main reqId=154c6698-767c-4445-8b93-509e63dbf973 dataSourceKey=main
[34m2024-07-10 21:21:50 [debug] ctx permission                              [39m meta={"can":null,"resourceName":"themeConfig","actionName":"list","skip":true} module=themeConfig submodule=list app=main reqId=281ee5ea-c277-4aba-9fe2-bacc07741e92 dataSourceKey=main
[34m2024-07-10 21:21:50 [debug] acl params                                  [39m module=themeConfig submodule=list app=main reqId=281ee5ea-c277-4aba-9fe2-bacc07741e92 dataSourceKey=main
[34m2024-07-10 21:21:50 [debug] acl parsedParams                            [39m module=themeConfig submodule=list app=main reqId=281ee5ea-c277-4aba-9fe2-bacc07741e92 dataSourceKey=main
[34m2024-07-10 21:21:50 [debug] ctx permission                              [39m meta={"can":null,"resourceName":"app","actionName":"getInfo","skip":true} module=app submodule=getInfo app=main reqId=97875e52-9226-4a18-bc97-67f14811836d dataSourceKey=main
[34m2024-07-10 21:21:50 [debug] acl params                                  [39m module=app submodule=getInfo app=main reqId=97875e52-9226-4a18-bc97-67f14811836d dataSourceKey=main
[34m2024-07-10 21:21:50 [debug] acl parsedParams                            [39m module=app submodule=getInfo app=main reqId=97875e52-9226-4a18-bc97-67f14811836d dataSourceKey=main
[34m2024-07-10 21:21:50 [debug] ctx permission                              [39m meta={"can":null,"resourceName":"authenticators","actionName":"publicList","skip":true} module=authenticators submodule=publicList app=main reqId=712c1301-3c47-4ad5-b39a-af416ad8f765 dataSourceKey=main
[34m2024-07-10 21:21:50 [debug] acl params                                  [39m module=authenticators submodule=publicList app=main reqId=712c1301-3c47-4ad5-b39a-af416ad8f765 dataSourceKey=main
[34m2024-07-10 21:21:50 [debug] acl parsedParams                            [39m module=authenticators submodule=publicList app=main reqId=712c1301-3c47-4ad5-b39a-af416ad8f765 dataSourceKey=main
[34m2024-07-10 21:22:00 [debug] ctx permission                              [39m meta={"can":null,"resourceName":"auth","actionName":"signIn","skip":true} module=auth submodule=signIn app=main reqId=55eb0783-ab59-4788-a3a5-2582027a151d dataSourceKey=main
[34m2024-07-10 21:22:00 [debug] acl params                                  [39m module=auth submodule=signIn app=main reqId=55eb0783-ab59-4788-a3a5-2582027a151d dataSourceKey=main
[34m2024-07-10 21:22:00 [debug] acl parsedParams                            [39m module=auth submodule=signIn app=main reqId=55eb0783-ab59-4788-a3a5-2582027a151d dataSourceKey=main
[34m2024-07-10 21:22:00 [debug] ctx permission                              [39m meta={"can":null,"resourceName":"auth","actionName":"check","skip":true} module=auth submodule=check app=main reqId=d373d088-811d-4177-b397-3a712e66f1fc dataSourceKey=main
[34m2024-07-10 21:22:00 [debug] acl params                                  [39m module=auth submodule=check app=main reqId=d373d088-811d-4177-b397-3a712e66f1fc dataSourceKey=main
[34m2024-07-10 21:22:00 [debug] acl parsedParams                            [39m module=auth submodule=check app=main reqId=d373d088-811d-4177-b397-3a712e66f1fc dataSourceKey=main
[34m2024-07-10 21:22:00 [debug] ctx permission                              [39m meta={"can":null,"resourceName":"systemSettings","actionName":"get","skip":true} module=systemSettings submodule=get/1 app=main reqId=0cd39058-7988-48a5-8400-50540dce6e34 dataSourceKey=main
[34m2024-07-10 21:22:00 [debug] acl params                                  [39m module=systemSettings submodule=get/1 app=main reqId=0cd39058-7988-48a5-8400-50540dce6e34 dataSourceKey=main
[34m2024-07-10 21:22:00 [debug] acl parsedParams                            [39m module=systemSettings submodule=get/1 app=main reqId=0cd39058-7988-48a5-8400-50540dce6e34 dataSourceKey=main
[34m2024-07-10 21:22:00 [debug] ctx permission                              [39m meta={"can":null,"resourceName":"app","actionName":"getInfo","skip":true} module=app submodule=getInfo app=main reqId=8a52ddc8-faca-48bf-9d67-704ce04ad558 dataSourceKey=main
[34m2024-07-10 21:22:00 [debug] acl params                                  [39m module=app submodule=getInfo app=main reqId=8a52ddc8-faca-48bf-9d67-704ce04ad558 dataSourceKey=main
[34m2024-07-10 21:22:00 [debug] acl parsedParams                            [39m module=app submodule=getInfo app=main reqId=8a52ddc8-faca-48bf-9d67-704ce04ad558 dataSourceKey=main
[34m2024-07-10 21:22:00 [debug] ctx permission                              [39m meta={"can":{"role":"root","resource":"themeConfig","action":"list"},"resourceName":"themeConfig","actionName":"list","skip":true} module=themeConfig submodule=list app=main reqId=2ebe05a2-30b6-44fc-ba44-3e981dbf77a7 dataSourceKey=main
[34m2024-07-10 21:22:00 [debug] acl params                                  [39m module=themeConfig submodule=list app=main reqId=2ebe05a2-30b6-44fc-ba44-3e981dbf77a7 dataSourceKey=main
[34m2024-07-10 21:22:00 [debug] acl parsedParams                            [39m module=themeConfig submodule=list app=main reqId=2ebe05a2-30b6-44fc-ba44-3e981dbf77a7 dataSourceKey=main
[34m2024-07-10 21:22:01 [debug] ctx permission                              [39m meta={"can":null,"resourceName":"app","actionName":"getInfo","skip":true} module=app submodule=getInfo app=main reqId=ea00a9ad-43ec-4c6a-9546-9bd2b05d739d dataSourceKey=main
[34m2024-07-10 21:22:01 [debug] acl params                                  [39m module=app submodule=getInfo app=main reqId=ea00a9ad-43ec-4c6a-9546-9bd2b05d739d dataSourceKey=main
[34m2024-07-10 21:22:01 [debug] acl parsedParams                            [39m module=app submodule=getInfo app=main reqId=ea00a9ad-43ec-4c6a-9546-9bd2b05d739d dataSourceKey=main
[34m2024-07-10 21:22:01 [debug] ctx permission                              [39m meta={"can":{"role":"root","resource":"uiSchemaTemplates","action":"list"},"resourceName":"uiSchemaTemplates","actionName":"list","skip":true} module=uiSchemaTemplates submodule=list app=main reqId=190bb39a-e9e0-4b05-95a9-b0c1264affd9 dataSourceKey=main
[34m2024-07-10 21:22:01 [debug] acl params                                  [39m module=uiSchemaTemplates submodule=list app=main reqId=190bb39a-e9e0-4b05-95a9-b0c1264affd9 dataSourceKey=main
[34m2024-07-10 21:22:01 [debug] acl parsedParams                            [39m module=uiSchemaTemplates submodule=list app=main reqId=190bb39a-e9e0-4b05-95a9-b0c1264affd9 dataSourceKey=main
[34m2024-07-10 21:22:01 [debug] ctx permission                              [39m meta={"can":{"role":"root","resource":"dataSources","action":"listEnabled"},"resourceName":"dataSources","actionName":"listEnabled","skip":true} module=dataSources submodule=listEnabled app=main reqId=fa282b86-271f-4e4c-b993-702b640c9cba dataSourceKey=main
[34m2024-07-10 21:22:01 [debug] acl params                                  [39m module=dataSources submodule=listEnabled app=main reqId=fa282b86-271f-4e4c-b993-702b640c9cba dataSourceKey=main
[34m2024-07-10 21:22:01 [debug] acl parsedParams                            [39m module=dataSources submodule=listEnabled app=main reqId=fa282b86-271f-4e4c-b993-702b640c9cba dataSourceKey=main
[34m2024-07-10 21:22:01 [debug] ctx permission                              [39m meta={"can":{"role":"root","resource":"collectionCategories","action":"list"},"resourceName":"collectionCategories","actionName":"list","skip":true} module=collectionCategories submodule=list app=main reqId=2c0e0c18-4eaa-42a7-ac54-4e4360b8747f dataSourceKey=main
[34m2024-07-10 21:22:01 [debug] acl params                                  [39m module=collectionCategories submodule=list app=main reqId=2c0e0c18-4eaa-42a7-ac54-4e4360b8747f dataSourceKey=main
[34m2024-07-10 21:22:01 [debug] acl parsedParams                            [39m module=collectionCategories submodule=list app=main reqId=2c0e0c18-4eaa-42a7-ac54-4e4360b8747f dataSourceKey=main
[34m2024-07-10 21:22:01 [debug] ctx permission                              [39m meta={"can":{"role":"root","resource":"collections","action":"list"},"resourceName":"collections","actionName":"list","skip":true} module=collections submodule=list app=main reqId=e676a247-138b-40a6-985c-579dcfc1c2aa dataSourceKey=main
[34m2024-07-10 21:22:01 [debug] acl params                                  [39m module=collections submodule=list app=main reqId=e676a247-138b-40a6-985c-579dcfc1c2aa dataSourceKey=main
[34m2024-07-10 21:22:01 [debug] acl parsedParams                            [39m module=collections submodule=list app=main reqId=e676a247-138b-40a6-985c-579dcfc1c2aa dataSourceKey=main
[34m2024-07-10 21:22:01 [debug] ctx permission                              [39m meta={"can":{"role":"root","resource":"roles","action":"check"},"resourceName":"roles","actionName":"check","skip":true} module=roles submodule=check app=main reqId=71133468-e38d-410c-b5e4-4b4230218e6a dataSourceKey=main
[34m2024-07-10 21:22:01 [debug] acl params                                  [39m module=roles submodule=check app=main reqId=71133468-e38d-410c-b5e4-4b4230218e6a dataSourceKey=main
[34m2024-07-10 21:22:01 [debug] acl parsedParams                            [39m module=roles submodule=check app=main reqId=71133468-e38d-410c-b5e4-4b4230218e6a dataSourceKey=main
[34m2024-07-10 21:22:01 [debug] ctx permission                              [39m meta={"can":{"role":"root","resource":"uiSchemas","action":"getJsonSchema"},"resourceName":"uiSchemas","actionName":"getJsonSchema","skip":true} module=uiSchemas submodule=getJsonSchema/nocobase-admin-menu app=main reqId=9a3395ea-8f3f-4ea8-9613-00e05e644a69 dataSourceKey=main
[34m2024-07-10 21:22:01 [debug] acl params                                  [39m module=uiSchemas submodule=getJsonSchema/nocobase-admin-menu app=main reqId=9a3395ea-8f3f-4ea8-9613-00e05e644a69 dataSourceKey=main
[34m2024-07-10 21:22:01 [debug] acl parsedParams                            [39m module=uiSchemas submodule=getJsonSchema/nocobase-admin-menu app=main reqId=9a3395ea-8f3f-4ea8-9613-00e05e644a69 dataSourceKey=main
[34m2024-07-10 21:22:01 [debug] ctx permission                              [39m meta={"can":{"role":"root","resource":"uiSchemas","action":"getProperties"},"resourceName":"uiSchemas","actionName":"getProperties","skip":true} module=uiSchemas submodule=getProperties/8m5b8o40jhc app=main reqId=032fe778-74bc-4736-99b0-2293f2cfdfa8 dataSourceKey=main
[34m2024-07-10 21:22:01 [debug] acl params                                  [39m module=uiSchemas submodule=getProperties/8m5b8o40jhc app=main reqId=032fe778-74bc-4736-99b0-2293f2cfdfa8 dataSourceKey=main
[34m2024-07-10 21:22:01 [debug] acl parsedParams                            [39m module=uiSchemas submodule=getProperties/8m5b8o40jhc app=main reqId=032fe778-74bc-4736-99b0-2293f2cfdfa8 dataSourceKey=main
[34m2024-07-10 21:22:10 [debug] ctx permission                              [39m meta={"can":{"role":"root","resource":"uiSchemas","action":"insertAdjacent"},"resourceName":"uiSchemas","actionName":"insertAdjacent","skip":true} module=uiSchemas submodule=insertAdjacent/2xi9buspp62 app=main reqId=85b25251-7639-4498-82b6-e6bf224e2797 dataSourceKey=main
[34m2024-07-10 21:22:10 [debug] acl params                                  [39m module=uiSchemas submodule=insertAdjacent/2xi9buspp62 app=main reqId=85b25251-7639-4498-82b6-e6bf224e2797 dataSourceKey=main
[34m2024-07-10 21:22:10 [debug] acl parsedParams                            [39m module=uiSchemas submodule=insertAdjacent/2xi9buspp62 app=main reqId=85b25251-7639-4498-82b6-e6bf224e2797 dataSourceKey=main
[34m2024-07-10 21:22:10 [debug] ctx permission                              [39m meta={"can":null,"resourceName":"test_lu_detail","actionName":"list","skip":true} module=test_lu_detail submodule=list app=main reqId=6898f27e-90f4-4954-af2a-85bba8a515fa dataSourceKey=main
[34m2024-07-10 21:22:10 [debug] acl params                                  [39m module=test_lu_detail submodule=list app=main reqId=6898f27e-90f4-4954-af2a-85bba8a515fa dataSourceKey=main
[34m2024-07-10 21:22:10 [debug] acl parsedParams                            [39m module=test_lu_detail submodule=list app=main reqId=6898f27e-90f4-4954-af2a-85bba8a515fa dataSourceKey=main
[34m2024-07-10 21:22:20 [debug] ctx permission                              [39m meta={"can":{"role":"root","resource":"uiSchemas","action":"remove"},"resourceName":"uiSchemas","actionName":"remove","skip":true} module=uiSchemas submodule=remove/je9wo8ibxy8 app=main reqId=7c70dbe5-7fe8-49f2-a6b3-3227bf863261 dataSourceKey=main
[34m2024-07-10 21:22:20 [debug] acl params                                  [39m module=uiSchemas submodule=remove/je9wo8ibxy8 app=main reqId=7c70dbe5-7fe8-49f2-a6b3-3227bf863261 dataSourceKey=main
[34m2024-07-10 21:22:20 [debug] acl parsedParams                            [39m module=uiSchemas submodule=remove/je9wo8ibxy8 app=main reqId=7c70dbe5-7fe8-49f2-a6b3-3227bf863261 dataSourceKey=main
[34m2024-07-10 21:28:00 [debug] ctx permission                              [39m meta={"can":null,"resourceName":"app","actionName":"getLang","skip":true} module=app submodule=getLang app=main reqId=40cf6b01-a067-47c6-a531-51caca40b098 dataSourceKey=main
[34m2024-07-10 21:28:00 [debug] acl params                                  [39m module=app submodule=getLang app=main reqId=40cf6b01-a067-47c6-a531-51caca40b098 dataSourceKey=main
[34m2024-07-10 21:28:00 [debug] acl parsedParams                            [39m module=app submodule=getLang app=main reqId=40cf6b01-a067-47c6-a531-51caca40b098 dataSourceKey=main
[34m2024-07-10 21:28:01 [debug] ctx permission                              [39m meta={"can":{"role":"root","resource":"pm","action":"listEnabled"},"resourceName":"pm","actionName":"listEnabled","skip":true} module=pm submodule=listEnabled app=main reqId=00e6c09a-f7e7-4945-99b1-3986dedc4537 dataSourceKey=main
[34m2024-07-10 21:28:01 [debug] acl params                                  [39m module=pm submodule=listEnabled app=main reqId=00e6c09a-f7e7-4945-99b1-3986dedc4537 dataSourceKey=main
[34m2024-07-10 21:28:01 [debug] acl parsedParams                            [39m module=pm submodule=listEnabled app=main reqId=00e6c09a-f7e7-4945-99b1-3986dedc4537 dataSourceKey=main
[34m2024-07-10 21:28:01 [debug] ctx permission                              [39m meta={"can":null,"resourceName":"auth","actionName":"check","skip":true} module=auth submodule=check app=main reqId=c54dee39-0b4b-45d0-8762-61aaf9165fd4 dataSourceKey=main
[34m2024-07-10 21:28:01 [debug] acl params                                  [39m module=auth submodule=check app=main reqId=c54dee39-0b4b-45d0-8762-61aaf9165fd4 dataSourceKey=main
[34m2024-07-10 21:28:01 [debug] acl parsedParams                            [39m module=auth submodule=check app=main reqId=c54dee39-0b4b-45d0-8762-61aaf9165fd4 dataSourceKey=main
[34m2024-07-10 21:28:01 [debug] ctx permission                              [39m meta={"can":null,"resourceName":"systemSettings","actionName":"get","skip":true} module=systemSettings submodule=get/1 app=main reqId=4d53406e-7baf-40de-bc76-79d59b9ddaf6 dataSourceKey=main
[34m2024-07-10 21:28:01 [debug] acl params                                  [39m module=systemSettings submodule=get/1 app=main reqId=4d53406e-7baf-40de-bc76-79d59b9ddaf6 dataSourceKey=main
[34m2024-07-10 21:28:01 [debug] acl parsedParams                            [39m module=systemSettings submodule=get/1 app=main reqId=4d53406e-7baf-40de-bc76-79d59b9ddaf6 dataSourceKey=main
[34m2024-07-10 21:28:01 [debug] ctx permission                              [39m meta={"can":null,"resourceName":"app","actionName":"getInfo","skip":true} module=app submodule=getInfo app=main reqId=60f74420-b33f-4a70-a1c2-9ac63a8ac93c dataSourceKey=main
[34m2024-07-10 21:28:01 [debug] acl params                                  [39m module=app submodule=getInfo app=main reqId=60f74420-b33f-4a70-a1c2-9ac63a8ac93c dataSourceKey=main
[34m2024-07-10 21:28:01 [debug] acl parsedParams                            [39m module=app submodule=getInfo app=main reqId=60f74420-b33f-4a70-a1c2-9ac63a8ac93c dataSourceKey=main
[34m2024-07-10 21:28:01 [debug] ctx permission                              [39m meta={"can":{"role":"root","resource":"themeConfig","action":"list"},"resourceName":"themeConfig","actionName":"list","skip":true} module=themeConfig submodule=list app=main reqId=f5ea1ef1-47a8-4b43-aabb-ff89973f319e dataSourceKey=main
[34m2024-07-10 21:28:01 [debug] acl params                                  [39m module=themeConfig submodule=list app=main reqId=f5ea1ef1-47a8-4b43-aabb-ff89973f319e dataSourceKey=main
[34m2024-07-10 21:28:01 [debug] acl parsedParams                            [39m module=themeConfig submodule=list app=main reqId=f5ea1ef1-47a8-4b43-aabb-ff89973f319e dataSourceKey=main
[34m2024-07-10 21:28:01 [debug] ctx permission                              [39m meta={"can":null,"resourceName":"app","actionName":"getInfo","skip":true} module=app submodule=getInfo app=main reqId=0a9d6a06-f9ca-4e62-90ef-634226e46864 dataSourceKey=main
[34m2024-07-10 21:28:01 [debug] acl params                                  [39m module=app submodule=getInfo app=main reqId=0a9d6a06-f9ca-4e62-90ef-634226e46864 dataSourceKey=main
[34m2024-07-10 21:28:01 [debug] acl parsedParams                            [39m module=app submodule=getInfo app=main reqId=0a9d6a06-f9ca-4e62-90ef-634226e46864 dataSourceKey=main
[34m2024-07-10 21:28:01 [debug] ctx permission                              [39m meta={"can":{"role":"root","resource":"uiSchemaTemplates","action":"list"},"resourceName":"uiSchemaTemplates","actionName":"list","skip":true} module=uiSchemaTemplates submodule=list app=main reqId=2ee9f23e-265a-4b5a-85bb-5a4dca5b6e4f dataSourceKey=main
[34m2024-07-10 21:28:01 [debug] acl params                                  [39m module=uiSchemaTemplates submodule=list app=main reqId=2ee9f23e-265a-4b5a-85bb-5a4dca5b6e4f dataSourceKey=main
[34m2024-07-10 21:28:01 [debug] acl parsedParams                            [39m module=uiSchemaTemplates submodule=list app=main reqId=2ee9f23e-265a-4b5a-85bb-5a4dca5b6e4f dataSourceKey=main
[34m2024-07-10 21:28:01 [debug] ctx permission                              [39m meta={"can":{"role":"root","resource":"dataSources","action":"listEnabled"},"resourceName":"dataSources","actionName":"listEnabled","skip":true} module=dataSources submodule=listEnabled app=main reqId=89957860-c081-4c33-93aa-9f2247b83337 dataSourceKey=main
[34m2024-07-10 21:28:01 [debug] acl params                                  [39m module=dataSources submodule=listEnabled app=main reqId=89957860-c081-4c33-93aa-9f2247b83337 dataSourceKey=main
[34m2024-07-10 21:28:01 [debug] acl parsedParams                            [39m module=dataSources submodule=listEnabled app=main reqId=89957860-c081-4c33-93aa-9f2247b83337 dataSourceKey=main
[34m2024-07-10 21:28:01 [debug] ctx permission                              [39m meta={"can":{"role":"root","resource":"collectionCategories","action":"list"},"resourceName":"collectionCategories","actionName":"list","skip":true} module=collectionCategories submodule=list app=main reqId=165d571e-99cd-44ae-b7e0-701024cb89e2 dataSourceKey=main
[34m2024-07-10 21:28:01 [debug] acl params                                  [39m module=collectionCategories submodule=list app=main reqId=165d571e-99cd-44ae-b7e0-701024cb89e2 dataSourceKey=main
[34m2024-07-10 21:28:01 [debug] acl parsedParams                            [39m module=collectionCategories submodule=list app=main reqId=165d571e-99cd-44ae-b7e0-701024cb89e2 dataSourceKey=main
[34m2024-07-10 21:28:01 [debug] ctx permission                              [39m meta={"can":{"role":"root","resource":"collections","action":"list"},"resourceName":"collections","actionName":"list","skip":true} module=collections submodule=list app=main reqId=9f98a0ec-d84a-45ad-925f-a485a39a0810 dataSourceKey=main
[34m2024-07-10 21:28:01 [debug] acl params                                  [39m module=collections submodule=list app=main reqId=9f98a0ec-d84a-45ad-925f-a485a39a0810 dataSourceKey=main
[34m2024-07-10 21:28:01 [debug] acl parsedParams                            [39m module=collections submodule=list app=main reqId=9f98a0ec-d84a-45ad-925f-a485a39a0810 dataSourceKey=main
[34m2024-07-10 21:28:02 [debug] ctx permission                              [39m meta={"can":{"role":"root","resource":"roles","action":"check"},"resourceName":"roles","actionName":"check","skip":true} module=roles submodule=check app=main reqId=a4550d05-6b04-44de-84c4-c87eaebffc55 dataSourceKey=main
[34m2024-07-10 21:28:02 [debug] acl params                                  [39m module=roles submodule=check app=main reqId=a4550d05-6b04-44de-84c4-c87eaebffc55 dataSourceKey=main
[34m2024-07-10 21:28:02 [debug] acl parsedParams                            [39m module=roles submodule=check app=main reqId=a4550d05-6b04-44de-84c4-c87eaebffc55 dataSourceKey=main
[34m2024-07-10 21:28:02 [debug] ctx permission                              [39m meta={"can":{"role":"root","resource":"uiSchemas","action":"getJsonSchema"},"resourceName":"uiSchemas","actionName":"getJsonSchema","skip":true} module=uiSchemas submodule=getJsonSchema/nocobase-admin-menu app=main reqId=2760417b-6360-4b0d-8a31-516a74fc4565 dataSourceKey=main
[34m2024-07-10 21:28:02 [debug] acl params                                  [39m module=uiSchemas submodule=getJsonSchema/nocobase-admin-menu app=main reqId=2760417b-6360-4b0d-8a31-516a74fc4565 dataSourceKey=main
[34m2024-07-10 21:28:02 [debug] acl parsedParams                            [39m module=uiSchemas submodule=getJsonSchema/nocobase-admin-menu app=main reqId=2760417b-6360-4b0d-8a31-516a74fc4565 dataSourceKey=main
[34m2024-07-10 21:28:02 [debug] ctx permission                              [39m meta={"can":{"role":"root","resource":"uiSchemas","action":"getProperties"},"resourceName":"uiSchemas","actionName":"getProperties","skip":true} module=uiSchemas submodule=getProperties/8m5b8o40jhc app=main reqId=1b652e31-4c58-4d1f-9031-b6a9f95ba459 dataSourceKey=main
[34m2024-07-10 21:28:02 [debug] acl params                                  [39m module=uiSchemas submodule=getProperties/8m5b8o40jhc app=main reqId=1b652e31-4c58-4d1f-9031-b6a9f95ba459 dataSourceKey=main
[34m2024-07-10 21:28:02 [debug] acl parsedParams                            [39m module=uiSchemas submodule=getProperties/8m5b8o40jhc app=main reqId=1b652e31-4c58-4d1f-9031-b6a9f95ba459 dataSourceKey=main
[34m2024-07-10 21:28:12 [debug] ctx permission                              [39m meta={"can":{"role":"root","resource":"uiSchemas","action":"insertAdjacent"},"resourceName":"uiSchemas","actionName":"insertAdjacent","skip":true} module=uiSchemas submodule=insertAdjacent/2xi9buspp62 app=main reqId=6b553b54-3bd3-4b1e-8830-8892c14d9d80 dataSourceKey=main
[34m2024-07-10 21:28:12 [debug] acl params                                  [39m module=uiSchemas submodule=insertAdjacent/2xi9buspp62 app=main reqId=6b553b54-3bd3-4b1e-8830-8892c14d9d80 dataSourceKey=main
[34m2024-07-10 21:28:12 [debug] acl parsedParams                            [39m module=uiSchemas submodule=insertAdjacent/2xi9buspp62 app=main reqId=6b553b54-3bd3-4b1e-8830-8892c14d9d80 dataSourceKey=main
[34m2024-07-10 21:28:12 [debug] ctx permission                              [39m meta={"can":null,"resourceName":"test_lu_detail","actionName":"list","skip":true} module=test_lu_detail submodule=list app=main reqId=332869c1-15b8-41bf-a308-639ff05c06d1 dataSourceKey=main
[34m2024-07-10 21:28:12 [debug] acl params                                  [39m module=test_lu_detail submodule=list app=main reqId=332869c1-15b8-41bf-a308-639ff05c06d1 dataSourceKey=main
[34m2024-07-10 21:28:12 [debug] acl parsedParams                            [39m module=test_lu_detail submodule=list app=main reqId=332869c1-15b8-41bf-a308-639ff05c06d1 dataSourceKey=main
[34m2024-07-10 21:28:39 [debug] ctx permission                              [39m meta={"can":{"role":"root","resource":"uiSchemas","action":"remove"},"resourceName":"uiSchemas","actionName":"remove","skip":true} module=uiSchemas submodule=remove/nfr7jxd0qew app=main reqId=ef2b2924-bc5c-4e73-93b9-47ddda5f0857 dataSourceKey=main
[34m2024-07-10 21:28:39 [debug] acl params                                  [39m module=uiSchemas submodule=remove/nfr7jxd0qew app=main reqId=ef2b2924-bc5c-4e73-93b9-47ddda5f0857 dataSourceKey=main
[34m2024-07-10 21:28:39 [debug] acl parsedParams                            [39m module=uiSchemas submodule=remove/nfr7jxd0qew app=main reqId=ef2b2924-bc5c-4e73-93b9-47ddda5f0857 dataSourceKey=main
[34m2024-07-10 21:35:20 [debug] ctx permission                              [39m meta={"can":null,"resourceName":"app","actionName":"getLang","skip":true} module=app submodule=getLang app=main reqId=e47ee28a-3ace-496d-bdb0-9f62c3bed85b dataSourceKey=main
[34m2024-07-10 21:35:20 [debug] acl params                                  [39m module=app submodule=getLang app=main reqId=e47ee28a-3ace-496d-bdb0-9f62c3bed85b dataSourceKey=main
[34m2024-07-10 21:35:20 [debug] acl parsedParams                            [39m module=app submodule=getLang app=main reqId=e47ee28a-3ace-496d-bdb0-9f62c3bed85b dataSourceKey=main
[34m2024-07-10 21:35:21 [debug] ctx permission                              [39m meta={"can":{"role":"root","resource":"pm","action":"listEnabled"},"resourceName":"pm","actionName":"listEnabled","skip":true} module=pm submodule=listEnabled app=main reqId=65ba1ba5-90c2-46aa-817d-8657259c5301 dataSourceKey=main
[34m2024-07-10 21:35:21 [debug] acl params                                  [39m module=pm submodule=listEnabled app=main reqId=65ba1ba5-90c2-46aa-817d-8657259c5301 dataSourceKey=main
[34m2024-07-10 21:35:21 [debug] acl parsedParams                            [39m module=pm submodule=listEnabled app=main reqId=65ba1ba5-90c2-46aa-817d-8657259c5301 dataSourceKey=main
[34m2024-07-10 21:35:21 [debug] ctx permission                              [39m meta={"can":null,"resourceName":"auth","actionName":"check","skip":true} module=auth submodule=check app=main reqId=81e30208-5db0-44ea-8b4d-8bfbf8f30d47 dataSourceKey=main
[34m2024-07-10 21:35:21 [debug] acl params                                  [39m module=auth submodule=check app=main reqId=81e30208-5db0-44ea-8b4d-8bfbf8f30d47 dataSourceKey=main
[34m2024-07-10 21:35:21 [debug] acl parsedParams                            [39m module=auth submodule=check app=main reqId=81e30208-5db0-44ea-8b4d-8bfbf8f30d47 dataSourceKey=main
[34m2024-07-10 21:35:21 [debug] ctx permission                              [39m meta={"can":null,"resourceName":"systemSettings","actionName":"get","skip":true} module=systemSettings submodule=get/1 app=main reqId=4acb20e1-a9d7-4558-8743-86b3e8066824 dataSourceKey=main
[34m2024-07-10 21:35:21 [debug] acl params                                  [39m module=systemSettings submodule=get/1 app=main reqId=4acb20e1-a9d7-4558-8743-86b3e8066824 dataSourceKey=main
[34m2024-07-10 21:35:21 [debug] acl parsedParams                            [39m module=systemSettings submodule=get/1 app=main reqId=4acb20e1-a9d7-4558-8743-86b3e8066824 dataSourceKey=main
[34m2024-07-10 21:35:21 [debug] ctx permission                              [39m meta={"can":null,"resourceName":"app","actionName":"getInfo","skip":true} module=app submodule=getInfo app=main reqId=f8635439-60cf-47ed-a820-54f5c456be38 dataSourceKey=main
[34m2024-07-10 21:35:21 [debug] acl params                                  [39m module=app submodule=getInfo app=main reqId=f8635439-60cf-47ed-a820-54f5c456be38 dataSourceKey=main
[34m2024-07-10 21:35:21 [debug] acl parsedParams                            [39m module=app submodule=getInfo app=main reqId=f8635439-60cf-47ed-a820-54f5c456be38 dataSourceKey=main
[34m2024-07-10 21:35:21 [debug] ctx permission                              [39m meta={"can":{"role":"root","resource":"themeConfig","action":"list"},"resourceName":"themeConfig","actionName":"list","skip":true} module=themeConfig submodule=list app=main reqId=2fcef85d-6b5a-4bfe-814f-b9fc09e673e8 dataSourceKey=main
[34m2024-07-10 21:35:21 [debug] acl params                                  [39m module=themeConfig submodule=list app=main reqId=2fcef85d-6b5a-4bfe-814f-b9fc09e673e8 dataSourceKey=main
[34m2024-07-10 21:35:21 [debug] acl parsedParams                            [39m module=themeConfig submodule=list app=main reqId=2fcef85d-6b5a-4bfe-814f-b9fc09e673e8 dataSourceKey=main
[34m2024-07-10 21:35:21 [debug] ctx permission                              [39m meta={"can":null,"resourceName":"app","actionName":"getInfo","skip":true} module=app submodule=getInfo app=main reqId=feb13baa-769f-4118-aa8d-cb25740660de dataSourceKey=main
[34m2024-07-10 21:35:21 [debug] acl params                                  [39m module=app submodule=getInfo app=main reqId=feb13baa-769f-4118-aa8d-cb25740660de dataSourceKey=main
[34m2024-07-10 21:35:21 [debug] acl parsedParams                            [39m module=app submodule=getInfo app=main reqId=feb13baa-769f-4118-aa8d-cb25740660de dataSourceKey=main
[34m2024-07-10 21:35:22 [debug] ctx permission                              [39m meta={"can":{"role":"root","resource":"uiSchemaTemplates","action":"list"},"resourceName":"uiSchemaTemplates","actionName":"list","skip":true} module=uiSchemaTemplates submodule=list app=main reqId=a67c17bd-3f16-493e-990b-96f71a8589fa dataSourceKey=main
[34m2024-07-10 21:35:22 [debug] acl params                                  [39m module=uiSchemaTemplates submodule=list app=main reqId=a67c17bd-3f16-493e-990b-96f71a8589fa dataSourceKey=main
[34m2024-07-10 21:35:22 [debug] acl parsedParams                            [39m module=uiSchemaTemplates submodule=list app=main reqId=a67c17bd-3f16-493e-990b-96f71a8589fa dataSourceKey=main
[34m2024-07-10 21:35:22 [debug] ctx permission                              [39m meta={"can":{"role":"root","resource":"dataSources","action":"listEnabled"},"resourceName":"dataSources","actionName":"listEnabled","skip":true} module=dataSources submodule=listEnabled app=main reqId=e71b750c-cc4d-4edb-9e2d-4907c7e96a88 dataSourceKey=main
[34m2024-07-10 21:35:22 [debug] acl params                                  [39m module=dataSources submodule=listEnabled app=main reqId=e71b750c-cc4d-4edb-9e2d-4907c7e96a88 dataSourceKey=main
[34m2024-07-10 21:35:22 [debug] acl parsedParams                            [39m module=dataSources submodule=listEnabled app=main reqId=e71b750c-cc4d-4edb-9e2d-4907c7e96a88 dataSourceKey=main
[34m2024-07-10 21:35:22 [debug] ctx permission                              [39m meta={"can":{"role":"root","resource":"collectionCategories","action":"list"},"resourceName":"collectionCategories","actionName":"list","skip":true} module=collectionCategories submodule=list app=main reqId=f88a311d-bfce-4f94-956f-22bddf727c90 dataSourceKey=main
[34m2024-07-10 21:35:22 [debug] acl params                                  [39m module=collectionCategories submodule=list app=main reqId=f88a311d-bfce-4f94-956f-22bddf727c90 dataSourceKey=main
[34m2024-07-10 21:35:22 [debug] acl parsedParams                            [39m module=collectionCategories submodule=list app=main reqId=f88a311d-bfce-4f94-956f-22bddf727c90 dataSourceKey=main
[34m2024-07-10 21:35:22 [debug] ctx permission                              [39m meta={"can":{"role":"root","resource":"collections","action":"list"},"resourceName":"collections","actionName":"list","skip":true} module=collections submodule=list app=main reqId=f64a3e56-8e56-441d-928a-701038b543b5 dataSourceKey=main
[34m2024-07-10 21:35:22 [debug] acl params                                  [39m module=collections submodule=list app=main reqId=f64a3e56-8e56-441d-928a-701038b543b5 dataSourceKey=main
[34m2024-07-10 21:35:22 [debug] acl parsedParams                            [39m module=collections submodule=list app=main reqId=f64a3e56-8e56-441d-928a-701038b543b5 dataSourceKey=main
[34m2024-07-10 21:35:22 [debug] ctx permission                              [39m meta={"can":{"role":"root","resource":"roles","action":"check"},"resourceName":"roles","actionName":"check","skip":true} module=roles submodule=check app=main reqId=3a3ecbf7-f2d8-48a5-acdf-1cb7d6b55edb dataSourceKey=main
[34m2024-07-10 21:35:22 [debug] acl params                                  [39m module=roles submodule=check app=main reqId=3a3ecbf7-f2d8-48a5-acdf-1cb7d6b55edb dataSourceKey=main
[34m2024-07-10 21:35:22 [debug] acl parsedParams                            [39m module=roles submodule=check app=main reqId=3a3ecbf7-f2d8-48a5-acdf-1cb7d6b55edb dataSourceKey=main
[34m2024-07-10 21:35:22 [debug] ctx permission                              [39m meta={"can":{"role":"root","resource":"uiSchemas","action":"getJsonSchema"},"resourceName":"uiSchemas","actionName":"getJsonSchema","skip":true} module=uiSchemas submodule=getJsonSchema/nocobase-admin-menu app=main reqId=bf240617-1a7a-4c89-a059-b2624f930401 dataSourceKey=main
[34m2024-07-10 21:35:22 [debug] acl params                                  [39m module=uiSchemas submodule=getJsonSchema/nocobase-admin-menu app=main reqId=bf240617-1a7a-4c89-a059-b2624f930401 dataSourceKey=main
[34m2024-07-10 21:35:22 [debug] acl parsedParams                            [39m module=uiSchemas submodule=getJsonSchema/nocobase-admin-menu app=main reqId=bf240617-1a7a-4c89-a059-b2624f930401 dataSourceKey=main
[34m2024-07-10 21:35:22 [debug] ctx permission                              [39m meta={"can":{"role":"root","resource":"uiSchemas","action":"getProperties"},"resourceName":"uiSchemas","actionName":"getProperties","skip":true} module=uiSchemas submodule=getProperties/8m5b8o40jhc app=main reqId=6796f3c8-06f5-414a-bff8-d0f92a14a48b dataSourceKey=main
[34m2024-07-10 21:35:22 [debug] acl params                                  [39m module=uiSchemas submodule=getProperties/8m5b8o40jhc app=main reqId=6796f3c8-06f5-414a-bff8-d0f92a14a48b dataSourceKey=main
[34m2024-07-10 21:35:22 [debug] acl parsedParams                            [39m module=uiSchemas submodule=getProperties/8m5b8o40jhc app=main reqId=6796f3c8-06f5-414a-bff8-d0f92a14a48b dataSourceKey=main
[34m2024-07-10 21:35:33 [debug] ctx permission                              [39m meta={"can":{"role":"root","resource":"uiSchemas","action":"insertAdjacent"},"resourceName":"uiSchemas","actionName":"insertAdjacent","skip":true} module=uiSchemas submodule=insertAdjacent/2xi9buspp62 app=main reqId=1f02d753-74df-4749-94cd-4a1a3fa2d0b1 dataSourceKey=main
[34m2024-07-10 21:35:33 [debug] acl params                                  [39m module=uiSchemas submodule=insertAdjacent/2xi9buspp62 app=main reqId=1f02d753-74df-4749-94cd-4a1a3fa2d0b1 dataSourceKey=main
[34m2024-07-10 21:35:33 [debug] acl parsedParams                            [39m module=uiSchemas submodule=insertAdjacent/2xi9buspp62 app=main reqId=1f02d753-74df-4749-94cd-4a1a3fa2d0b1 dataSourceKey=main
[34m2024-07-10 21:35:33 [debug] ctx permission                              [39m meta={"can":null,"resourceName":"test_lu_detail","actionName":"list","skip":true} module=test_lu_detail submodule=list app=main reqId=8ca00848-4fbd-4515-9443-39632d4b75d3 dataSourceKey=main
[34m2024-07-10 21:35:33 [debug] acl params                                  [39m module=test_lu_detail submodule=list app=main reqId=8ca00848-4fbd-4515-9443-39632d4b75d3 dataSourceKey=main
[34m2024-07-10 21:35:33 [debug] acl parsedParams                            [39m module=test_lu_detail submodule=list app=main reqId=8ca00848-4fbd-4515-9443-39632d4b75d3 dataSourceKey=main
[34m2024-07-10 21:35:58 [debug] ctx permission                              [39m meta={"can":{"role":"root","resource":"uiSchemas","action":"remove"},"resourceName":"uiSchemas","actionName":"remove","skip":true} module=uiSchemas submodule=remove/bgjrx93mh5l app=main reqId=e4c0d6eb-07ce-4f42-b549-c4d966b01ef0 dataSourceKey=main
[34m2024-07-10 21:35:58 [debug] acl params                                  [39m module=uiSchemas submodule=remove/bgjrx93mh5l app=main reqId=e4c0d6eb-07ce-4f42-b549-c4d966b01ef0 dataSourceKey=main
[34m2024-07-10 21:35:58 [debug] acl parsedParams                            [39m module=uiSchemas submodule=remove/bgjrx93mh5l app=main reqId=e4c0d6eb-07ce-4f42-b549-c4d966b01ef0 dataSourceKey=main
[34m2024-07-10 21:37:28 [debug] ctx permission                              [39m meta={"can":null,"resourceName":"app","actionName":"getLang","skip":true} module=app submodule=getLang app=main reqId=a161beab-2f4a-4ecf-b750-189eae37fa03 dataSourceKey=main
[34m2024-07-10 21:37:28 [debug] acl params                                  [39m module=app submodule=getLang app=main reqId=a161beab-2f4a-4ecf-b750-189eae37fa03 dataSourceKey=main
[34m2024-07-10 21:37:28 [debug] acl parsedParams                            [39m module=app submodule=getLang app=main reqId=a161beab-2f4a-4ecf-b750-189eae37fa03 dataSourceKey=main
[34m2024-07-10 21:37:29 [debug] ctx permission                              [39m meta={"can":{"role":"root","resource":"pm","action":"listEnabled"},"resourceName":"pm","actionName":"listEnabled","skip":true} module=pm submodule=listEnabled app=main reqId=3979bdfe-8678-491e-9fb0-604a5c4ea4b1 dataSourceKey=main
[34m2024-07-10 21:37:29 [debug] acl params                                  [39m module=pm submodule=listEnabled app=main reqId=3979bdfe-8678-491e-9fb0-604a5c4ea4b1 dataSourceKey=main
[34m2024-07-10 21:37:29 [debug] acl parsedParams                            [39m module=pm submodule=listEnabled app=main reqId=3979bdfe-8678-491e-9fb0-604a5c4ea4b1 dataSourceKey=main
[34m2024-07-10 21:37:30 [debug] ctx permission                              [39m meta={"can":null,"resourceName":"auth","actionName":"check","skip":true} module=auth submodule=check app=main reqId=09f40dea-d121-412f-ab44-d1b2b0c8b477 dataSourceKey=main
[34m2024-07-10 21:37:30 [debug] acl params                                  [39m module=auth submodule=check app=main reqId=09f40dea-d121-412f-ab44-d1b2b0c8b477 dataSourceKey=main
[34m2024-07-10 21:37:30 [debug] acl parsedParams                            [39m module=auth submodule=check app=main reqId=09f40dea-d121-412f-ab44-d1b2b0c8b477 dataSourceKey=main
[34m2024-07-10 21:37:30 [debug] ctx permission                              [39m meta={"can":null,"resourceName":"systemSettings","actionName":"get","skip":true} module=systemSettings submodule=get/1 app=main reqId=baeab04e-7046-49a2-bad0-65db2a6f5a84 dataSourceKey=main
[34m2024-07-10 21:37:30 [debug] acl params                                  [39m module=systemSettings submodule=get/1 app=main reqId=baeab04e-7046-49a2-bad0-65db2a6f5a84 dataSourceKey=main
[34m2024-07-10 21:37:30 [debug] acl parsedParams                            [39m module=systemSettings submodule=get/1 app=main reqId=baeab04e-7046-49a2-bad0-65db2a6f5a84 dataSourceKey=main
[34m2024-07-10 21:37:30 [debug] ctx permission                              [39m meta={"can":null,"resourceName":"app","actionName":"getInfo","skip":true} module=app submodule=getInfo app=main reqId=6cbbbb0f-49d2-43ba-96a4-68c7319a7e18 dataSourceKey=main
[34m2024-07-10 21:37:30 [debug] acl params                                  [39m module=app submodule=getInfo app=main reqId=6cbbbb0f-49d2-43ba-96a4-68c7319a7e18 dataSourceKey=main
[34m2024-07-10 21:37:30 [debug] acl parsedParams                            [39m module=app submodule=getInfo app=main reqId=6cbbbb0f-49d2-43ba-96a4-68c7319a7e18 dataSourceKey=main
[34m2024-07-10 21:37:30 [debug] ctx permission                              [39m meta={"can":{"role":"root","resource":"themeConfig","action":"list"},"resourceName":"themeConfig","actionName":"list","skip":true} module=themeConfig submodule=list app=main reqId=041bac88-c490-46af-95e4-fc063549041a dataSourceKey=main
[34m2024-07-10 21:37:30 [debug] acl params                                  [39m module=themeConfig submodule=list app=main reqId=041bac88-c490-46af-95e4-fc063549041a dataSourceKey=main
[34m2024-07-10 21:37:30 [debug] acl parsedParams                            [39m module=themeConfig submodule=list app=main reqId=041bac88-c490-46af-95e4-fc063549041a dataSourceKey=main
[34m2024-07-10 21:37:30 [debug] ctx permission                              [39m meta={"can":null,"resourceName":"app","actionName":"getInfo","skip":true} module=app submodule=getInfo app=main reqId=5ca92372-cd2c-49ee-b0a3-05c9fc6e7545 dataSourceKey=main
[34m2024-07-10 21:37:30 [debug] acl params                                  [39m module=app submodule=getInfo app=main reqId=5ca92372-cd2c-49ee-b0a3-05c9fc6e7545 dataSourceKey=main
[34m2024-07-10 21:37:30 [debug] acl parsedParams                            [39m module=app submodule=getInfo app=main reqId=5ca92372-cd2c-49ee-b0a3-05c9fc6e7545 dataSourceKey=main
[34m2024-07-10 21:37:30 [debug] ctx permission                              [39m meta={"can":{"role":"root","resource":"uiSchemaTemplates","action":"list"},"resourceName":"uiSchemaTemplates","actionName":"list","skip":true} module=uiSchemaTemplates submodule=list app=main reqId=8f6534f1-c82b-4af2-ab51-aa2f89aa5971 dataSourceKey=main
[34m2024-07-10 21:37:30 [debug] acl params                                  [39m module=uiSchemaTemplates submodule=list app=main reqId=8f6534f1-c82b-4af2-ab51-aa2f89aa5971 dataSourceKey=main
[34m2024-07-10 21:37:30 [debug] acl parsedParams                            [39m module=uiSchemaTemplates submodule=list app=main reqId=8f6534f1-c82b-4af2-ab51-aa2f89aa5971 dataSourceKey=main
[34m2024-07-10 21:37:30 [debug] ctx permission                              [39m meta={"can":{"role":"root","resource":"dataSources","action":"listEnabled"},"resourceName":"dataSources","actionName":"listEnabled","skip":true} module=dataSources submodule=listEnabled app=main reqId=5ee62dae-33d4-4e95-9081-c7c0183b9c26 dataSourceKey=main
[34m2024-07-10 21:37:30 [debug] acl params                                  [39m module=dataSources submodule=listEnabled app=main reqId=5ee62dae-33d4-4e95-9081-c7c0183b9c26 dataSourceKey=main
[34m2024-07-10 21:37:30 [debug] acl parsedParams                            [39m module=dataSources submodule=listEnabled app=main reqId=5ee62dae-33d4-4e95-9081-c7c0183b9c26 dataSourceKey=main
[34m2024-07-10 21:37:30 [debug] ctx permission                              [39m meta={"can":{"role":"root","resource":"collectionCategories","action":"list"},"resourceName":"collectionCategories","actionName":"list","skip":true} module=collectionCategories submodule=list app=main reqId=f8bf5618-f445-4c90-b3c2-ad96ac08828c dataSourceKey=main
[34m2024-07-10 21:37:30 [debug] acl params                                  [39m module=collectionCategories submodule=list app=main reqId=f8bf5618-f445-4c90-b3c2-ad96ac08828c dataSourceKey=main
[34m2024-07-10 21:37:30 [debug] acl parsedParams                            [39m module=collectionCategories submodule=list app=main reqId=f8bf5618-f445-4c90-b3c2-ad96ac08828c dataSourceKey=main
[34m2024-07-10 21:37:30 [debug] ctx permission                              [39m meta={"can":{"role":"root","resource":"collections","action":"list"},"resourceName":"collections","actionName":"list","skip":true} module=collections submodule=list app=main reqId=af071904-fba5-4fe2-8bbb-bcc636269b41 dataSourceKey=main
[34m2024-07-10 21:37:30 [debug] acl params                                  [39m module=collections submodule=list app=main reqId=af071904-fba5-4fe2-8bbb-bcc636269b41 dataSourceKey=main
[34m2024-07-10 21:37:30 [debug] acl parsedParams                            [39m module=collections submodule=list app=main reqId=af071904-fba5-4fe2-8bbb-bcc636269b41 dataSourceKey=main
[34m2024-07-10 21:37:30 [debug] ctx permission                              [39m meta={"can":{"role":"root","resource":"roles","action":"check"},"resourceName":"roles","actionName":"check","skip":true} module=roles submodule=check app=main reqId=65707049-fd2e-4cc6-88d7-ec36fc54cbc4 dataSourceKey=main
[34m2024-07-10 21:37:30 [debug] acl params                                  [39m module=roles submodule=check app=main reqId=65707049-fd2e-4cc6-88d7-ec36fc54cbc4 dataSourceKey=main
[34m2024-07-10 21:37:30 [debug] acl parsedParams                            [39m module=roles submodule=check app=main reqId=65707049-fd2e-4cc6-88d7-ec36fc54cbc4 dataSourceKey=main
[34m2024-07-10 21:37:30 [debug] ctx permission                              [39m meta={"can":{"role":"root","resource":"uiSchemas","action":"getJsonSchema"},"resourceName":"uiSchemas","actionName":"getJsonSchema","skip":true} module=uiSchemas submodule=getJsonSchema/nocobase-admin-menu app=main reqId=ae86c887-5794-4e8c-b5f8-9d09cf41419a dataSourceKey=main
[34m2024-07-10 21:37:30 [debug] acl params                                  [39m module=uiSchemas submodule=getJsonSchema/nocobase-admin-menu app=main reqId=ae86c887-5794-4e8c-b5f8-9d09cf41419a dataSourceKey=main
[34m2024-07-10 21:37:30 [debug] acl parsedParams                            [39m module=uiSchemas submodule=getJsonSchema/nocobase-admin-menu app=main reqId=ae86c887-5794-4e8c-b5f8-9d09cf41419a dataSourceKey=main
[34m2024-07-10 21:37:30 [debug] ctx permission                              [39m meta={"can":{"role":"root","resource":"uiSchemas","action":"getProperties"},"resourceName":"uiSchemas","actionName":"getProperties","skip":true} module=uiSchemas submodule=getProperties/8m5b8o40jhc app=main reqId=1f479adb-b1e5-487e-a960-636cd4c60be5 dataSourceKey=main
[34m2024-07-10 21:37:30 [debug] acl params                                  [39m module=uiSchemas submodule=getProperties/8m5b8o40jhc app=main reqId=1f479adb-b1e5-487e-a960-636cd4c60be5 dataSourceKey=main
[34m2024-07-10 21:37:30 [debug] acl parsedParams                            [39m module=uiSchemas submodule=getProperties/8m5b8o40jhc app=main reqId=1f479adb-b1e5-487e-a960-636cd4c60be5 dataSourceKey=main
[34m2024-07-10 21:37:46 [debug] ctx permission                              [39m meta={"can":{"role":"root","resource":"uiSchemas","action":"insertAdjacent"},"resourceName":"uiSchemas","actionName":"insertAdjacent","skip":true} module=uiSchemas submodule=insertAdjacent/2xi9buspp62 app=main reqId=1ab14407-cab9-4d33-a805-f3d436cfe233 dataSourceKey=main
[34m2024-07-10 21:37:46 [debug] acl params                                  [39m module=uiSchemas submodule=insertAdjacent/2xi9buspp62 app=main reqId=1ab14407-cab9-4d33-a805-f3d436cfe233 dataSourceKey=main
[34m2024-07-10 21:37:46 [debug] acl parsedParams                            [39m module=uiSchemas submodule=insertAdjacent/2xi9buspp62 app=main reqId=1ab14407-cab9-4d33-a805-f3d436cfe233 dataSourceKey=main
[34m2024-07-10 21:37:46 [debug] ctx permission                              [39m meta={"can":null,"resourceName":"test_lu_detail","actionName":"list","skip":true} module=test_lu_detail submodule=list app=main reqId=84ff0ac8-b05b-4da8-bb93-7a7e165d94bb dataSourceKey=main
[34m2024-07-10 21:37:46 [debug] acl params                                  [39m module=test_lu_detail submodule=list app=main reqId=84ff0ac8-b05b-4da8-bb93-7a7e165d94bb dataSourceKey=main
[34m2024-07-10 21:37:46 [debug] acl parsedParams                            [39m module=test_lu_detail submodule=list app=main reqId=84ff0ac8-b05b-4da8-bb93-7a7e165d94bb dataSourceKey=main
[34m2024-07-10 21:40:52 [debug] ctx permission                              [39m meta={"can":null,"resourceName":"app","actionName":"getLang","skip":true} module=app submodule=getLang app=main reqId=af7e8428-6e7c-4ba7-bff5-e6542275c58f dataSourceKey=main
[34m2024-07-10 21:40:52 [debug] acl params                                  [39m module=app submodule=getLang app=main reqId=af7e8428-6e7c-4ba7-bff5-e6542275c58f dataSourceKey=main
[34m2024-07-10 21:40:52 [debug] acl parsedParams                            [39m module=app submodule=getLang app=main reqId=af7e8428-6e7c-4ba7-bff5-e6542275c58f dataSourceKey=main
[34m2024-07-10 21:40:53 [debug] ctx permission                              [39m meta={"can":{"role":"root","resource":"pm","action":"listEnabled"},"resourceName":"pm","actionName":"listEnabled","skip":true} module=pm submodule=listEnabled app=main reqId=0417d584-bf19-4792-b47d-d586c024f861 dataSourceKey=main
[34m2024-07-10 21:40:53 [debug] acl params                                  [39m module=pm submodule=listEnabled app=main reqId=0417d584-bf19-4792-b47d-d586c024f861 dataSourceKey=main
[34m2024-07-10 21:40:53 [debug] acl parsedParams                            [39m module=pm submodule=listEnabled app=main reqId=0417d584-bf19-4792-b47d-d586c024f861 dataSourceKey=main
[34m2024-07-10 21:40:53 [debug] ctx permission                              [39m meta={"can":null,"resourceName":"auth","actionName":"check","skip":true} module=auth submodule=check app=main reqId=ee6f0c36-73d2-440a-91a0-e0d23b3f4b24 dataSourceKey=main
[34m2024-07-10 21:40:53 [debug] acl params                                  [39m module=auth submodule=check app=main reqId=ee6f0c36-73d2-440a-91a0-e0d23b3f4b24 dataSourceKey=main
[34m2024-07-10 21:40:53 [debug] acl parsedParams                            [39m module=auth submodule=check app=main reqId=ee6f0c36-73d2-440a-91a0-e0d23b3f4b24 dataSourceKey=main
[34m2024-07-10 21:40:53 [debug] ctx permission                              [39m meta={"can":null,"resourceName":"systemSettings","actionName":"get","skip":true} module=systemSettings submodule=get/1 app=main reqId=20b4e878-56af-4a5b-a290-15fc6fb527cc dataSourceKey=main
[34m2024-07-10 21:40:53 [debug] acl params                                  [39m module=systemSettings submodule=get/1 app=main reqId=20b4e878-56af-4a5b-a290-15fc6fb527cc dataSourceKey=main
[34m2024-07-10 21:40:53 [debug] acl parsedParams                            [39m module=systemSettings submodule=get/1 app=main reqId=20b4e878-56af-4a5b-a290-15fc6fb527cc dataSourceKey=main
[34m2024-07-10 21:40:53 [debug] ctx permission                              [39m meta={"can":null,"resourceName":"app","actionName":"getInfo","skip":true} module=app submodule=getInfo app=main reqId=a3f3cea0-df51-4097-a239-e0005554bcfb dataSourceKey=main
[34m2024-07-10 21:40:53 [debug] acl params                                  [39m module=app submodule=getInfo app=main reqId=a3f3cea0-df51-4097-a239-e0005554bcfb dataSourceKey=main
[34m2024-07-10 21:40:53 [debug] acl parsedParams                            [39m module=app submodule=getInfo app=main reqId=a3f3cea0-df51-4097-a239-e0005554bcfb dataSourceKey=main
[34m2024-07-10 21:40:53 [debug] ctx permission                              [39m meta={"can":{"role":"root","resource":"themeConfig","action":"list"},"resourceName":"themeConfig","actionName":"list","skip":true} module=themeConfig submodule=list app=main reqId=477e79b2-d8bd-46f5-ae92-473baaa80185 dataSourceKey=main
[34m2024-07-10 21:40:53 [debug] acl params                                  [39m module=themeConfig submodule=list app=main reqId=477e79b2-d8bd-46f5-ae92-473baaa80185 dataSourceKey=main
[34m2024-07-10 21:40:53 [debug] acl parsedParams                            [39m module=themeConfig submodule=list app=main reqId=477e79b2-d8bd-46f5-ae92-473baaa80185 dataSourceKey=main
[34m2024-07-10 21:40:53 [debug] ctx permission                              [39m meta={"can":null,"resourceName":"app","actionName":"getInfo","skip":true} module=app submodule=getInfo app=main reqId=9f88060d-7c69-42ea-867a-ea2d751ca34f dataSourceKey=main
[34m2024-07-10 21:40:53 [debug] acl params                                  [39m module=app submodule=getInfo app=main reqId=9f88060d-7c69-42ea-867a-ea2d751ca34f dataSourceKey=main
[34m2024-07-10 21:40:53 [debug] acl parsedParams                            [39m module=app submodule=getInfo app=main reqId=9f88060d-7c69-42ea-867a-ea2d751ca34f dataSourceKey=main
[34m2024-07-10 21:40:53 [debug] ctx permission                              [39m meta={"can":{"role":"root","resource":"uiSchemaTemplates","action":"list"},"resourceName":"uiSchemaTemplates","actionName":"list","skip":true} module=uiSchemaTemplates submodule=list app=main reqId=fa54683d-9269-49b0-b0c8-268e4b2a41bc dataSourceKey=main
[34m2024-07-10 21:40:53 [debug] acl params                                  [39m module=uiSchemaTemplates submodule=list app=main reqId=fa54683d-9269-49b0-b0c8-268e4b2a41bc dataSourceKey=main
[34m2024-07-10 21:40:53 [debug] acl parsedParams                            [39m module=uiSchemaTemplates submodule=list app=main reqId=fa54683d-9269-49b0-b0c8-268e4b2a41bc dataSourceKey=main
[34m2024-07-10 21:40:54 [debug] ctx permission                              [39m meta={"can":{"role":"root","resource":"dataSources","action":"listEnabled"},"resourceName":"dataSources","actionName":"listEnabled","skip":true} module=dataSources submodule=listEnabled app=main reqId=377dd34d-cc20-42fd-bdb6-7699fd7d41ac dataSourceKey=main
[34m2024-07-10 21:40:54 [debug] acl params                                  [39m module=dataSources submodule=listEnabled app=main reqId=377dd34d-cc20-42fd-bdb6-7699fd7d41ac dataSourceKey=main
[34m2024-07-10 21:40:54 [debug] acl parsedParams                            [39m module=dataSources submodule=listEnabled app=main reqId=377dd34d-cc20-42fd-bdb6-7699fd7d41ac dataSourceKey=main
[34m2024-07-10 21:40:54 [debug] ctx permission                              [39m meta={"can":{"role":"root","resource":"collectionCategories","action":"list"},"resourceName":"collectionCategories","actionName":"list","skip":true} module=collectionCategories submodule=list app=main reqId=1b1a5ff6-e95a-44f3-9fee-9d7d429c83c2 dataSourceKey=main
[34m2024-07-10 21:40:54 [debug] acl params                                  [39m module=collectionCategories submodule=list app=main reqId=1b1a5ff6-e95a-44f3-9fee-9d7d429c83c2 dataSourceKey=main
[34m2024-07-10 21:40:54 [debug] acl parsedParams                            [39m module=collectionCategories submodule=list app=main reqId=1b1a5ff6-e95a-44f3-9fee-9d7d429c83c2 dataSourceKey=main
[34m2024-07-10 21:40:54 [debug] ctx permission                              [39m meta={"can":{"role":"root","resource":"collections","action":"list"},"resourceName":"collections","actionName":"list","skip":true} module=collections submodule=list app=main reqId=4dea704f-32c5-44f4-bd91-1f979b9d306c dataSourceKey=main
[34m2024-07-10 21:40:54 [debug] acl params                                  [39m module=collections submodule=list app=main reqId=4dea704f-32c5-44f4-bd91-1f979b9d306c dataSourceKey=main
[34m2024-07-10 21:40:54 [debug] acl parsedParams                            [39m module=collections submodule=list app=main reqId=4dea704f-32c5-44f4-bd91-1f979b9d306c dataSourceKey=main
[34m2024-07-10 21:40:54 [debug] ctx permission                              [39m meta={"can":{"role":"root","resource":"roles","action":"check"},"resourceName":"roles","actionName":"check","skip":true} module=roles submodule=check app=main reqId=3c0e5d3a-207e-4f84-96c5-992bf27d1266 dataSourceKey=main
[34m2024-07-10 21:40:54 [debug] acl params                                  [39m module=roles submodule=check app=main reqId=3c0e5d3a-207e-4f84-96c5-992bf27d1266 dataSourceKey=main
[34m2024-07-10 21:40:54 [debug] acl parsedParams                            [39m module=roles submodule=check app=main reqId=3c0e5d3a-207e-4f84-96c5-992bf27d1266 dataSourceKey=main
[34m2024-07-10 21:40:54 [debug] ctx permission                              [39m meta={"can":{"role":"root","resource":"uiSchemas","action":"getJsonSchema"},"resourceName":"uiSchemas","actionName":"getJsonSchema","skip":true} module=uiSchemas submodule=getJsonSchema/nocobase-admin-menu app=main reqId=3fb0bb01-6f92-4865-b346-30d48bdcd498 dataSourceKey=main
[34m2024-07-10 21:40:54 [debug] acl params                                  [39m module=uiSchemas submodule=getJsonSchema/nocobase-admin-menu app=main reqId=3fb0bb01-6f92-4865-b346-30d48bdcd498 dataSourceKey=main
[34m2024-07-10 21:40:54 [debug] acl parsedParams                            [39m module=uiSchemas submodule=getJsonSchema/nocobase-admin-menu app=main reqId=3fb0bb01-6f92-4865-b346-30d48bdcd498 dataSourceKey=main
[34m2024-07-10 21:40:54 [debug] ctx permission                              [39m meta={"can":{"role":"root","resource":"uiSchemas","action":"getProperties"},"resourceName":"uiSchemas","actionName":"getProperties","skip":true} module=uiSchemas submodule=getProperties/8m5b8o40jhc app=main reqId=6dfaf577-2a58-4e12-aedb-06f5f9b52da7 dataSourceKey=main
[34m2024-07-10 21:40:54 [debug] acl params                                  [39m module=uiSchemas submodule=getProperties/8m5b8o40jhc app=main reqId=6dfaf577-2a58-4e12-aedb-06f5f9b52da7 dataSourceKey=main
[34m2024-07-10 21:40:54 [debug] acl parsedParams                            [39m module=uiSchemas submodule=getProperties/8m5b8o40jhc app=main reqId=6dfaf577-2a58-4e12-aedb-06f5f9b52da7 dataSourceKey=main
[34m2024-07-10 21:40:54 [debug] ctx permission                              [39m meta={"can":null,"resourceName":"test_lu_detail","actionName":"list","skip":true} module=test_lu_detail submodule=list app=main reqId=8a21692e-cd4c-4551-a949-feae9f18d030 dataSourceKey=main
[34m2024-07-10 21:40:54 [debug] acl params                                  [39m module=test_lu_detail submodule=list app=main reqId=8a21692e-cd4c-4551-a949-feae9f18d030 dataSourceKey=main
[34m2024-07-10 21:40:54 [debug] acl parsedParams                            [39m module=test_lu_detail submodule=list app=main reqId=8a21692e-cd4c-4551-a949-feae9f18d030 dataSourceKey=main
[34m2024-07-10 21:52:05 [debug] ctx permission                              [39m meta={"can":{"role":"root","resource":"uiSchemas","action":"remove"},"resourceName":"uiSchemas","actionName":"remove","skip":true} module=uiSchemas submodule=remove/8m5b8o40jhc app=main reqId=15830afc-474f-41e1-b826-2aa7bc4936ba dataSourceKey=main
[34m2024-07-10 21:52:05 [debug] acl params                                  [39m module=uiSchemas submodule=remove/8m5b8o40jhc app=main reqId=15830afc-474f-41e1-b826-2aa7bc4936ba dataSourceKey=main
[34m2024-07-10 21:52:05 [debug] acl parsedParams                            [39m module=uiSchemas submodule=remove/8m5b8o40jhc app=main reqId=15830afc-474f-41e1-b826-2aa7bc4936ba dataSourceKey=main
[34m2024-07-10 21:52:26 [debug] ctx permission                              [39m meta={"can":{"role":"root","resource":"uiSchemas","action":"insertAdjacent"},"resourceName":"uiSchemas","actionName":"insertAdjacent","skip":true} module=uiSchemas submodule=insertAdjacent/nocobase-admin-menu app=main reqId=26a8136b-e226-4776-bfc6-912a86a54008 dataSourceKey=main
[34m2024-07-10 21:52:26 [debug] acl params                                  [39m module=uiSchemas submodule=insertAdjacent/nocobase-admin-menu app=main reqId=26a8136b-e226-4776-bfc6-912a86a54008 dataSourceKey=main
[34m2024-07-10 21:52:26 [debug] acl parsedParams                            [39m module=uiSchemas submodule=insertAdjacent/nocobase-admin-menu app=main reqId=26a8136b-e226-4776-bfc6-912a86a54008 dataSourceKey=main
[34m2024-07-10 21:52:28 [debug] ctx permission                              [39m meta={"can":{"role":"root","resource":"uiSchemas","action":"getProperties"},"resourceName":"uiSchemas","actionName":"getProperties","skip":true} module=uiSchemas submodule=getProperties/zpjndrdrs0n app=main reqId=7df4baad-da1f-4581-bcec-0c2187051e44 dataSourceKey=main
[34m2024-07-10 21:52:28 [debug] acl params                                  [39m module=uiSchemas submodule=getProperties/zpjndrdrs0n app=main reqId=7df4baad-da1f-4581-bcec-0c2187051e44 dataSourceKey=main
[34m2024-07-10 21:52:28 [debug] acl parsedParams                            [39m module=uiSchemas submodule=getProperties/zpjndrdrs0n app=main reqId=7df4baad-da1f-4581-bcec-0c2187051e44 dataSourceKey=main
[34m2024-07-10 21:52:37 [debug] ctx permission                              [39m meta={"can":{"role":"root","resource":"uiSchemas","action":"remove"},"resourceName":"uiSchemas","actionName":"remove","skip":true} module=uiSchemas submodule=remove/zpjndrdrs0n app=main reqId=1227d7a4-6171-424f-b3b3-f7c5a6fcbdd1 dataSourceKey=main
[34m2024-07-10 21:52:37 [debug] acl params                                  [39m module=uiSchemas submodule=remove/zpjndrdrs0n app=main reqId=1227d7a4-6171-424f-b3b3-f7c5a6fcbdd1 dataSourceKey=main
[34m2024-07-10 21:52:37 [debug] acl parsedParams                            [39m module=uiSchemas submodule=remove/zpjndrdrs0n app=main reqId=1227d7a4-6171-424f-b3b3-f7c5a6fcbdd1 dataSourceKey=main
[34m2024-07-10 21:52:43 [debug] ctx permission                              [39m meta={"can":{"role":"root","resource":"uiSchemas","action":"insertAdjacent"},"resourceName":"uiSchemas","actionName":"insertAdjacent","skip":true} module=uiSchemas submodule=insertAdjacent/nocobase-admin-menu app=main reqId=68deff3b-529c-4159-86da-5d2c7cf543b6 dataSourceKey=main
[34m2024-07-10 21:52:43 [debug] acl params                                  [39m module=uiSchemas submodule=insertAdjacent/nocobase-admin-menu app=main reqId=68deff3b-529c-4159-86da-5d2c7cf543b6 dataSourceKey=main
[34m2024-07-10 21:52:43 [debug] acl parsedParams                            [39m module=uiSchemas submodule=insertAdjacent/nocobase-admin-menu app=main reqId=68deff3b-529c-4159-86da-5d2c7cf543b6 dataSourceKey=main
[34m2024-07-10 21:52:48 [debug] ctx permission                              [39m meta={"can":{"role":"root","resource":"uiSchemas","action":"getProperties"},"resourceName":"uiSchemas","actionName":"getProperties","skip":true} module=uiSchemas submodule=getProperties/w5leut15jse app=main reqId=cfb4390c-2ca3-4120-b6a0-ddaa862de27d dataSourceKey=main
[34m2024-07-10 21:52:48 [debug] acl params                                  [39m module=uiSchemas submodule=getProperties/w5leut15jse app=main reqId=cfb4390c-2ca3-4120-b6a0-ddaa862de27d dataSourceKey=main
[34m2024-07-10 21:52:48 [debug] acl parsedParams                            [39m module=uiSchemas submodule=getProperties/w5leut15jse app=main reqId=cfb4390c-2ca3-4120-b6a0-ddaa862de27d dataSourceKey=main
[34m2024-07-10 21:52:54 [debug] ctx permission                              [39m meta={"can":{"role":"root","resource":"uiSchemas","action":"insertAdjacent"},"resourceName":"uiSchemas","actionName":"insertAdjacent","skip":true} module=uiSchemas submodule=insertAdjacent/48ai0uyqr9k app=main reqId=a2590d2f-9c45-42cc-a458-1ea0c2944312 dataSourceKey=main
[34m2024-07-10 21:52:54 [debug] acl params                                  [39m module=uiSchemas submodule=insertAdjacent/48ai0uyqr9k app=main reqId=a2590d2f-9c45-42cc-a458-1ea0c2944312 dataSourceKey=main
[34m2024-07-10 21:52:54 [debug] acl parsedParams                            [39m module=uiSchemas submodule=insertAdjacent/48ai0uyqr9k app=main reqId=a2590d2f-9c45-42cc-a458-1ea0c2944312 dataSourceKey=main
[34m2024-07-10 21:52:54 [debug] ctx permission                              [39m meta={"can":null,"resourceName":"test_lu_detail","actionName":"list","skip":true} module=test_lu_detail submodule=list app=main reqId=ae22da57-52f9-405f-8fb1-e15ae92deaab dataSourceKey=main
[34m2024-07-10 21:52:54 [debug] acl params                                  [39m module=test_lu_detail submodule=list app=main reqId=ae22da57-52f9-405f-8fb1-e15ae92deaab dataSourceKey=main
[34m2024-07-10 21:52:54 [debug] acl parsedParams                            [39m module=test_lu_detail submodule=list app=main reqId=ae22da57-52f9-405f-8fb1-e15ae92deaab dataSourceKey=main
[34m2024-07-10 21:53:05 [debug] ctx permission                              [39m meta={"can":{"role":"root","resource":"uiSchemas","action":"remove"},"resourceName":"uiSchemas","actionName":"remove","skip":true} module=uiSchemas submodule=remove/h0w14017fzw app=main reqId=112ed9cd-408a-47b3-8014-6492fe775cbc dataSourceKey=main
[34m2024-07-10 21:53:05 [debug] acl params                                  [39m module=uiSchemas submodule=remove/h0w14017fzw app=main reqId=112ed9cd-408a-47b3-8014-6492fe775cbc dataSourceKey=main
[34m2024-07-10 21:53:05 [debug] acl parsedParams                            [39m module=uiSchemas submodule=remove/h0w14017fzw app=main reqId=112ed9cd-408a-47b3-8014-6492fe775cbc dataSourceKey=main
